2021-04-26 16:07:21,864 - numexpr.utils - INFO - NumExpr defaulting to 2 threads.
2021-04-26 16:07:21,874 - __main__ - INFO - train len - 2700 valid len - 900
2021-04-26 16:07:32,714 - __main__ - INFO - STARTING TRAINING - bangla-bert-pooled-lr-2e-5
2021-04-26 16:07:32,714 - __main__ - INFO - Epoch 1/6
2021-04-26 16:07:32,714 - __main__ - INFO - ----------
2021-04-26 16:08:12,532 - engine - INFO - bi=100, Train F1=0.947,Train loss=0.23134708404541016, time=39.81590914726257
2021-04-26 16:08:40,630 - engine - INFO - bi=168, Train F1=0.919,Train loss=0.28131502866744995, time=67.91330027580261
2021-04-26 16:08:40,988 - __main__ - INFO - Train loss 0.5048838971987278 accuracy 0.739
2021-04-26 16:08:48,407 - __main__ - INFO - Val loss 0.461085337503203 Val acc 0.78
2021-04-26 16:08:57,591 - test_eval - INFO - Mcc Score:: 0.519668273351113
2021-04-26 16:08:57,594 - test_eval - INFO - Accuracy:: 0.7633333333333333
2021-04-26 16:08:57,598 - test_eval - INFO - Precision:: 0.7658220124886791
2021-04-26 16:08:57,600 - test_eval - INFO - Recall:: 0.7633333333333333
2021-04-26 16:08:57,604 - test_eval - INFO - F_score:: 0.759891156462585
2021-04-26 16:08:57,610 - test_eval - INFO - classification_report::               precision    recall  f1-score   support

         0.0       0.78      0.65      0.71       402
         1.0       0.75      0.86      0.80       498

    accuracy                           0.76       900
   macro avg       0.77      0.75      0.76       900
weighted avg       0.77      0.76      0.76       900

2021-04-26 16:08:57,621 - __main__ - INFO - Epoch 2/6
2021-04-26 16:08:57,621 - __main__ - INFO - ----------
2021-04-26 16:09:38,641 - engine - INFO - bi=100, Train F1=0.75,Train loss=0.5145009160041809, time=41.014864683151245
2021-04-26 16:10:06,392 - engine - INFO - bi=168, Train F1=1.0,Train loss=0.09034763276576996, time=68.76612424850464
2021-04-26 16:10:06,749 - __main__ - INFO - Train loss 0.33142274887075085 accuracy 0.86
2021-04-26 16:10:14,057 - __main__ - INFO - Val loss 0.45039603268278056 Val acc 0.801
2021-04-26 16:10:22,953 - test_eval - INFO - Mcc Score:: 0.5672248605381122
2021-04-26 16:10:22,955 - test_eval - INFO - Accuracy:: 0.7855555555555556
2021-04-26 16:10:22,959 - test_eval - INFO - Precision:: 0.7861315858870828
2021-04-26 16:10:22,963 - test_eval - INFO - Recall:: 0.7855555555555556
2021-04-26 16:10:22,966 - test_eval - INFO - F_score:: 0.7857648071921449
2021-04-26 16:10:22,973 - test_eval - INFO - classification_report::               precision    recall  f1-score   support

         0.0       0.75      0.77      0.76       402
         1.0       0.81      0.80      0.80       498

    accuracy                           0.79       900
   macro avg       0.78      0.78      0.78       900
weighted avg       0.79      0.79      0.79       900

2021-04-26 16:10:22,984 - __main__ - INFO - Epoch 3/6
2021-04-26 16:10:22,984 - __main__ - INFO - ----------
2021-04-26 16:11:04,344 - engine - INFO - bi=100, Train F1=0.935,Train loss=0.1949082612991333, time=41.35546636581421
2021-04-26 16:11:32,039 - engine - INFO - bi=168, Train F1=0.911,Train loss=0.1665547490119934, time=69.05084252357483
2021-04-26 16:11:32,407 - __main__ - INFO - Train loss 0.2053524408842156 accuracy 0.928
2021-04-26 16:11:39,672 - __main__ - INFO - Val loss 0.4933850898824889 Val acc 0.818
2021-04-26 16:11:48,563 - test_eval - INFO - Mcc Score:: 0.5777283787863334
2021-04-26 16:11:48,565 - test_eval - INFO - Accuracy:: 0.7855555555555556
2021-04-26 16:11:48,569 - test_eval - INFO - Precision:: 0.79391040753353
2021-04-26 16:11:48,573 - test_eval - INFO - Recall:: 0.7855555555555556
2021-04-26 16:11:48,576 - test_eval - INFO - F_score:: 0.7861216448744499
2021-04-26 16:11:48,582 - test_eval - INFO - classification_report::               precision    recall  f1-score   support

         0.0       0.73      0.84      0.78       402
         1.0       0.85      0.74      0.79       498

    accuracy                           0.79       900
   macro avg       0.79      0.79      0.79       900
weighted avg       0.79      0.79      0.79       900

2021-04-26 16:11:48,598 - __main__ - INFO - Epoch 4/6
2021-04-26 16:11:48,598 - __main__ - INFO - ----------
2021-04-26 16:12:30,010 - engine - INFO - bi=100, Train F1=0.938,Train loss=0.27035897970199585, time=41.408440589904785
2021-04-26 16:12:57,669 - engine - INFO - bi=168, Train F1=1.0,Train loss=0.005123269744217396, time=69.0672709941864
2021-04-26 16:12:58,013 - __main__ - INFO - Train loss 0.12340636308630101 accuracy 0.963
2021-04-26 16:13:05,274 - __main__ - INFO - Val loss 1.0091819151722152 Val acc 0.793
2021-04-26 16:13:05,274 - __main__ - INFO - Epoch 5/6
2021-04-26 16:13:05,274 - __main__ - INFO - ----------
2021-04-26 16:13:46,275 - engine - INFO - bi=100, Train F1=1.0,Train loss=0.007241174578666687, time=40.996801137924194
2021-04-26 16:14:13,964 - engine - INFO - bi=168, Train F1=0.911,Train loss=0.170791894197464, time=68.68554401397705
2021-04-26 16:14:14,317 - __main__ - INFO - Train loss 0.06952907011524592 accuracy 0.98
2021-04-26 16:14:21,636 - __main__ - INFO - Val loss 0.9792545427536142 Val acc 0.811
2021-04-26 16:14:21,637 - __main__ - INFO - Epoch 6/6
2021-04-26 16:14:21,637 - __main__ - INFO - ----------
2021-04-26 16:15:02,625 - engine - INFO - bi=100, Train F1=0.932,Train loss=0.22778357565402985, time=40.986119747161865
2021-04-26 16:15:30,284 - engine - INFO - bi=168, Train F1=1.0,Train loss=0.0010042659705504775, time=68.64427661895752
2021-04-26 16:15:30,641 - __main__ - INFO - Train loss 0.036904572272609876 accuracy 0.989
2021-04-26 16:15:37,951 - __main__ - INFO - Val loss 1.1577424807795162 Val acc 0.805
2021-04-26 16:15:38,396 - __main__ - INFO - ##################################### Task End ############################################
2021-04-26 16:15:44,030 - numexpr.utils - INFO - NumExpr defaulting to 2 threads.
2021-04-26 16:15:44,042 - __main__ - INFO - train len - 2700 valid len - 900
2021-04-26 16:15:54,935 - __main__ - INFO - STARTING TRAINING - bangla-bert-pooled-lr-3e-5
2021-04-26 16:15:54,935 - __main__ - INFO - Epoch 1/6
2021-04-26 16:15:54,935 - __main__ - INFO - ----------
2021-04-26 16:16:36,615 - engine - INFO - bi=100, Train F1=0.797,Train loss=0.28736013174057007, time=41.674018144607544
2021-04-26 16:17:04,485 - engine - INFO - bi=168, Train F1=0.782,Train loss=0.25974464416503906, time=69.54465699195862
2021-04-26 16:17:04,836 - __main__ - INFO - Train loss 0.5011604539388735 accuracy 0.753
2021-04-26 16:17:12,012 - __main__ - INFO - Val loss 0.4560219630085189 Val acc 0.773
2021-04-26 16:17:20,903 - test_eval - INFO - Mcc Score:: 0.5096905473568356
2021-04-26 16:17:20,905 - test_eval - INFO - Accuracy:: 0.7577777777777778
2021-04-26 16:17:20,909 - test_eval - INFO - Precision:: 0.7626905959193111
2021-04-26 16:17:20,912 - test_eval - INFO - Recall:: 0.7577777777777778
2021-04-26 16:17:20,915 - test_eval - INFO - F_score:: 0.7528976396061491
2021-04-26 16:17:20,921 - test_eval - INFO - classification_report::               precision    recall  f1-score   support

         0.0       0.79      0.62      0.70       402
         1.0       0.74      0.87      0.80       498

    accuracy                           0.76       900
   macro avg       0.77      0.74      0.75       900
weighted avg       0.76      0.76      0.75       900

2021-04-26 16:17:20,931 - __main__ - INFO - Epoch 2/6
2021-04-26 16:17:20,931 - __main__ - INFO - ----------
2021-04-26 16:18:02,261 - engine - INFO - bi=100, Train F1=0.81,Train loss=0.5338489413261414, time=41.326382875442505
2021-04-26 16:18:29,993 - engine - INFO - bi=168, Train F1=0.915,Train loss=0.23691272735595703, time=69.05880784988403
2021-04-26 16:18:30,349 - __main__ - INFO - Train loss 0.31411914130639745 accuracy 0.878
2021-04-26 16:18:37,570 - __main__ - INFO - Val loss 0.49098737692010813 Val acc 0.791
2021-04-26 16:18:46,419 - test_eval - INFO - Mcc Score:: 0.5233801374189049
2021-04-26 16:18:46,421 - test_eval - INFO - Accuracy:: 0.7655555555555555
2021-04-26 16:18:46,425 - test_eval - INFO - Precision:: 0.7661616303146358
2021-04-26 16:18:46,428 - test_eval - INFO - Recall:: 0.7655555555555555
2021-04-26 16:18:46,432 - test_eval - INFO - F_score:: 0.7633261668385357
2021-04-26 16:18:46,439 - test_eval - INFO - classification_report::               precision    recall  f1-score   support

         0.0       0.77      0.67      0.72       402
         1.0       0.76      0.84      0.80       498

    accuracy                           0.77       900
   macro avg       0.77      0.76      0.76       900
weighted avg       0.77      0.77      0.76       900

2021-04-26 16:18:46,449 - __main__ - INFO - Epoch 3/6
2021-04-26 16:18:46,449 - __main__ - INFO - ----------
2021-04-26 16:19:27,711 - engine - INFO - bi=100, Train F1=0.935,Train loss=0.2276216596364975, time=41.25776386260986
2021-04-26 16:19:55,373 - engine - INFO - bi=168, Train F1=0.911,Train loss=0.11386644840240479, time=68.9199845790863
2021-04-26 16:19:55,734 - __main__ - INFO - Train loss 0.1822141891058821 accuracy 0.947
2021-04-26 16:20:02,978 - __main__ - INFO - Val loss 0.6253471775301571 Val acc 0.798
2021-04-26 16:20:11,935 - test_eval - INFO - Mcc Score:: 0.5662609609000003
2021-04-26 16:20:11,937 - test_eval - INFO - Accuracy:: 0.7844444444444445
2021-04-26 16:20:11,941 - test_eval - INFO - Precision:: 0.7858253968253968
2021-04-26 16:20:11,945 - test_eval - INFO - Recall:: 0.7844444444444445
2021-04-26 16:20:11,949 - test_eval - INFO - F_score:: 0.7848209016862459
2021-04-26 16:20:11,955 - test_eval - INFO - classification_report::               precision    recall  f1-score   support

         0.0       0.75      0.78      0.76       402
         1.0       0.82      0.79      0.80       498

    accuracy                           0.78       900
   macro avg       0.78      0.78      0.78       900
weighted avg       0.79      0.78      0.78       900

2021-04-26 16:20:11,965 - __main__ - INFO - Epoch 4/6
2021-04-26 16:20:11,965 - __main__ - INFO - ----------
2021-04-26 16:20:53,089 - engine - INFO - bi=100, Train F1=0.938,Train loss=0.2490798681974411, time=41.11784315109253
2021-04-26 16:21:20,695 - engine - INFO - bi=168, Train F1=1.0,Train loss=0.04049166664481163, time=68.72397327423096
2021-04-26 16:21:21,053 - __main__ - INFO - Train loss 0.09710195222070452 accuracy 0.974
2021-04-26 16:21:28,298 - __main__ - INFO - Val loss 1.055010735988617 Val acc 0.797
2021-04-26 16:21:28,298 - __main__ - INFO - Epoch 5/6
2021-04-26 16:21:28,298 - __main__ - INFO - ----------
2021-04-26 16:22:09,258 - engine - INFO - bi=100, Train F1=1.0,Train loss=0.008889637887477875, time=40.95692491531372
2021-04-26 16:22:36,839 - engine - INFO - bi=168, Train F1=1.0,Train loss=0.002433180343359709, time=68.53811264038086
2021-04-26 16:22:37,185 - __main__ - INFO - Train loss 0.04543765706386274 accuracy 0.987
2021-04-26 16:22:44,507 - __main__ - INFO - Val loss 1.2291141214041874 Val acc 0.794
2021-04-26 16:22:44,507 - __main__ - INFO - Epoch 6/6
2021-04-26 16:22:44,507 - __main__ - INFO - ----------
2021-04-26 16:23:25,202 - engine - INFO - bi=100, Train F1=0.932,Train loss=0.367710143327713, time=40.69256329536438
2021-04-26 16:23:52,615 - engine - INFO - bi=168, Train F1=1.0,Train loss=0.0004863075155299157, time=68.10558891296387
2021-04-26 16:23:52,964 - __main__ - INFO - Train loss 0.020707980417074723 accuracy 0.995
2021-04-26 16:24:00,260 - __main__ - INFO - Val loss 1.3360511979152416 Val acc 0.791
2021-04-26 16:24:00,666 - __main__ - INFO - ##################################### Task End ############################################
2021-04-26 16:24:06,321 - numexpr.utils - INFO - NumExpr defaulting to 2 threads.
2021-04-26 16:24:06,333 - __main__ - INFO - train len - 2700 valid len - 900
2021-04-26 16:24:17,030 - __main__ - INFO - STARTING TRAINING - bangla-bert-pooled-lr-5e-5
2021-04-26 16:24:17,030 - __main__ - INFO - Epoch 1/6
2021-04-26 16:24:17,030 - __main__ - INFO - ----------
2021-04-26 16:24:58,726 - engine - INFO - bi=100, Train F1=0.797,Train loss=0.40032482147216797, time=41.69129276275635
2021-04-26 16:25:26,564 - engine - INFO - bi=168, Train F1=0.782,Train loss=0.24170689284801483, time=69.5286386013031
2021-04-26 16:25:26,913 - __main__ - INFO - Train loss 0.4997590681504921 accuracy 0.752
2021-04-26 16:25:34,064 - __main__ - INFO - Val loss 0.4899335940336359 Val acc 0.768
2021-04-26 16:25:42,874 - test_eval - INFO - Mcc Score:: 0.48727549036500734
2021-04-26 16:25:42,876 - test_eval - INFO - Accuracy:: 0.7444444444444445
2021-04-26 16:25:42,880 - test_eval - INFO - Precision:: 0.7567818740399387
2021-04-26 16:25:42,883 - test_eval - INFO - Recall:: 0.7444444444444445
2021-04-26 16:25:42,886 - test_eval - INFO - F_score:: 0.7355303860930268
2021-04-26 16:25:42,893 - test_eval - INFO - classification_report::               precision    recall  f1-score   support

         0.0       0.81      0.56      0.66       402
         1.0       0.72      0.89      0.79       498

    accuracy                           0.74       900
   macro avg       0.76      0.73      0.73       900
weighted avg       0.76      0.74      0.74       900

2021-04-26 16:25:42,903 - __main__ - INFO - Epoch 2/6
2021-04-26 16:25:42,903 - __main__ - INFO - ----------
2021-04-26 16:26:24,294 - engine - INFO - bi=100, Train F1=0.75,Train loss=0.5356382131576538, time=41.38804912567139
2021-04-26 16:26:51,957 - engine - INFO - bi=168, Train F1=0.915,Train loss=0.1483067274093628, time=69.05081248283386
2021-04-26 16:26:52,322 - __main__ - INFO - Train loss 0.318121638303325 accuracy 0.877
2021-04-26 16:26:59,518 - __main__ - INFO - Val loss 0.4641881934527693 Val acc 0.808
2021-04-26 16:27:08,340 - test_eval - INFO - Mcc Score:: 0.5669719945058824
2021-04-26 16:27:08,342 - test_eval - INFO - Accuracy:: 0.7855555555555556
2021-04-26 16:27:08,345 - test_eval - INFO - Precision:: 0.7859840287356608
2021-04-26 16:27:08,352 - test_eval - INFO - Recall:: 0.7855555555555556
2021-04-26 16:27:08,360 - test_eval - INFO - F_score:: 0.785722121303928
2021-04-26 16:27:08,368 - test_eval - INFO - classification_report::               precision    recall  f1-score   support

         0.0       0.76      0.77      0.76       402
         1.0       0.81      0.80      0.80       498

    accuracy                           0.79       900
   macro avg       0.78      0.78      0.78       900
weighted avg       0.79      0.79      0.79       900

2021-04-26 16:27:08,415 - __main__ - INFO - Epoch 3/6
2021-04-26 16:27:08,415 - __main__ - INFO - ----------
2021-04-26 16:27:49,811 - engine - INFO - bi=100, Train F1=1.0,Train loss=0.05232745409011841, time=41.39092135429382
2021-04-26 16:28:17,546 - engine - INFO - bi=168, Train F1=0.911,Train loss=0.22164097428321838, time=69.1259229183197
2021-04-26 16:28:17,909 - __main__ - INFO - Train loss 0.17935071789973675 accuracy 0.947
2021-04-26 16:28:25,126 - __main__ - INFO - Val loss 0.6135936410262667 Val acc 0.812
2021-04-26 16:28:34,127 - test_eval - INFO - Mcc Score:: 0.566072538135161
2021-04-26 16:28:34,129 - test_eval - INFO - Accuracy:: 0.7855555555555556
2021-04-26 16:28:34,133 - test_eval - INFO - Precision:: 0.7855055414236619
2021-04-26 16:28:34,137 - test_eval - INFO - Recall:: 0.7855555555555556
2021-04-26 16:28:34,140 - test_eval - INFO - F_score:: 0.7855295733610129
2021-04-26 16:28:34,147 - test_eval - INFO - classification_report::               precision    recall  f1-score   support

         0.0       0.76      0.76      0.76       402
         1.0       0.81      0.81      0.81       498

    accuracy                           0.79       900
   macro avg       0.78      0.78      0.78       900
weighted avg       0.79      0.79      0.79       900

2021-04-26 16:28:34,158 - __main__ - INFO - Epoch 4/6
2021-04-26 16:28:34,158 - __main__ - INFO - ----------
2021-04-26 16:29:15,359 - engine - INFO - bi=100, Train F1=1.0,Train loss=0.0025607950519770384, time=41.19674611091614
2021-04-26 16:29:42,930 - engine - INFO - bi=168, Train F1=1.0,Train loss=0.013905535452067852, time=68.76829147338867
2021-04-26 16:29:43,289 - __main__ - INFO - Train loss 0.08642940539811578 accuracy 0.978
2021-04-26 16:29:50,524 - __main__ - INFO - Val loss 1.1352620443393444 Val acc 0.801
2021-04-26 16:29:50,524 - __main__ - INFO - Epoch 5/6
2021-04-26 16:29:50,524 - __main__ - INFO - ----------
2021-04-26 16:30:31,346 - engine - INFO - bi=100, Train F1=0.937,Train loss=0.07490027695894241, time=40.81815838813782
2021-04-26 16:30:58,966 - engine - INFO - bi=168, Train F1=1.0,Train loss=0.0009345080470666289, time=68.43828225135803
2021-04-26 16:30:59,330 - __main__ - INFO - Train loss 0.04993239096014557 accuracy 0.987
2021-04-26 16:31:06,683 - __main__ - INFO - Val loss 1.113553065678169 Val acc 0.804
2021-04-26 16:31:06,683 - __main__ - INFO - Epoch 6/6
2021-04-26 16:31:06,683 - __main__ - INFO - ----------
2021-04-26 16:31:47,453 - engine - INFO - bi=100, Train F1=1.0,Train loss=0.00043327678577043116, time=40.7650465965271
2021-04-26 16:32:14,840 - engine - INFO - bi=168, Train F1=1.0,Train loss=0.000994427828118205, time=68.15194272994995
2021-04-26 16:32:15,191 - __main__ - INFO - Train loss 0.025899495438158723 accuracy 0.994
2021-04-26 16:32:22,480 - __main__ - INFO - Val loss 1.2433858513832092 Val acc 0.801
2021-04-26 16:32:22,906 - __main__ - INFO - ##################################### Task End ############################################
2021-04-26 16:32:28,839 - numexpr.utils - INFO - NumExpr defaulting to 2 threads.
2021-04-26 16:32:28,850 - __main__ - INFO - train len - 2700 valid len - 900
2021-04-26 16:32:39,633 - __main__ - INFO - STARTING TRAINING - bangla-bert-last_two-lr-2e-5
2021-04-26 16:32:39,633 - __main__ - INFO - Epoch 1/6
2021-04-26 16:32:39,633 - __main__ - INFO - ----------
2021-04-26 16:33:21,423 - engine - INFO - bi=100, Train F1=0.817,Train loss=0.5298750400543213, time=41.787299156188965
2021-04-26 16:33:49,298 - engine - INFO - bi=168, Train F1=0.844,Train loss=0.37085670232772827, time=69.66269898414612
2021-04-26 16:33:49,654 - __main__ - INFO - Train loss 0.5220713089027348 accuracy 0.736
2021-04-26 16:33:56,827 - __main__ - INFO - Val loss 0.6708171979106706 Val acc 0.721
2021-04-26 16:34:05,655 - test_eval - INFO - Mcc Score:: 0.387779890443813
2021-04-26 16:34:05,657 - test_eval - INFO - Accuracy:: 0.6888888888888889
2021-04-26 16:34:05,661 - test_eval - INFO - Precision:: 0.7258763860089756
2021-04-26 16:34:05,665 - test_eval - INFO - Recall:: 0.6888888888888889
2021-04-26 16:34:05,668 - test_eval - INFO - F_score:: 0.661474429009937
2021-04-26 16:34:05,675 - test_eval - INFO - classification_report::               precision    recall  f1-score   support

         0.0       0.81      0.39      0.53       402
         1.0       0.65      0.93      0.77       498

    accuracy                           0.69       900
   macro avg       0.73      0.66      0.65       900
weighted avg       0.73      0.69      0.66       900

2021-04-26 16:34:05,688 - __main__ - INFO - Epoch 2/6
2021-04-26 16:34:05,688 - __main__ - INFO - ----------
2021-04-26 16:34:47,141 - engine - INFO - bi=100, Train F1=0.877,Train loss=0.36001285910606384, time=41.45001411437988
2021-04-26 16:35:14,903 - engine - INFO - bi=168, Train F1=0.833,Train loss=0.22619329392910004, time=69.21190690994263
2021-04-26 16:35:15,257 - __main__ - INFO - Train loss 0.3291721052142995 accuracy 0.856
2021-04-26 16:35:22,494 - __main__ - INFO - Val loss 0.45299443551178636 Val acc 0.798
2021-04-26 16:35:31,424 - test_eval - INFO - Mcc Score:: 0.5922734644104197
2021-04-26 16:35:31,427 - test_eval - INFO - Accuracy:: 0.7922222222222223
2021-04-26 16:35:31,431 - test_eval - INFO - Precision:: 0.8015338103927744
2021-04-26 16:35:31,434 - test_eval - INFO - Recall:: 0.7922222222222223
2021-04-26 16:35:31,438 - test_eval - INFO - F_score:: 0.7927397154731314
2021-04-26 16:35:31,444 - test_eval - INFO - classification_report::               precision    recall  f1-score   support

         0.0       0.73      0.85      0.78       402
         1.0       0.86      0.75      0.80       498

    accuracy                           0.79       900
   macro avg       0.79      0.80      0.79       900
weighted avg       0.80      0.79      0.79       900

2021-04-26 16:35:31,457 - __main__ - INFO - Epoch 3/6
2021-04-26 16:35:31,457 - __main__ - INFO - ----------
2021-04-26 16:36:12,924 - engine - INFO - bi=100, Train F1=0.938,Train loss=0.17266148328781128, time=41.46414351463318
2021-04-26 16:36:40,662 - engine - INFO - bi=168, Train F1=1.0,Train loss=0.020585399121046066, time=69.20175862312317
2021-04-26 16:36:41,013 - __main__ - INFO - Train loss 0.19100431090540435 accuracy 0.924
2021-04-26 16:36:48,266 - __main__ - INFO - Val loss 0.6108315710363716 Val acc 0.789
2021-04-26 16:36:48,266 - __main__ - INFO - Epoch 4/6
2021-04-26 16:36:48,266 - __main__ - INFO - ----------
2021-04-26 16:37:29,577 - engine - INFO - bi=100, Train F1=1.0,Train loss=0.008864665403962135, time=41.30596089363098
2021-04-26 16:37:57,377 - engine - INFO - bi=168, Train F1=0.913,Train loss=0.3376084566116333, time=69.10556817054749
2021-04-26 16:37:57,723 - __main__ - INFO - Train loss 0.09225063754339322 accuracy 0.964
2021-04-26 16:38:05,028 - __main__ - INFO - Val loss 0.8308583061242926 Val acc 0.8
2021-04-26 16:38:14,011 - test_eval - INFO - Mcc Score:: 0.5622818489473722
2021-04-26 16:38:14,013 - test_eval - INFO - Accuracy:: 0.78
2021-04-26 16:38:14,017 - test_eval - INFO - Precision:: 0.7849718496276249
2021-04-26 16:38:14,020 - test_eval - INFO - Recall:: 0.78
2021-04-26 16:38:14,022 - test_eval - INFO - F_score:: 0.7806235135563659
2021-04-26 16:38:14,029 - test_eval - INFO - classification_report::               precision    recall  f1-score   support

         0.0       0.73      0.81      0.77       402
         1.0       0.83      0.76      0.79       498

    accuracy                           0.78       900
   macro avg       0.78      0.78      0.78       900
weighted avg       0.78      0.78      0.78       900

2021-04-26 16:38:14,042 - __main__ - INFO - Epoch 5/6
2021-04-26 16:38:14,043 - __main__ - INFO - ----------
2021-04-26 16:38:55,135 - engine - INFO - bi=100, Train F1=1.0,Train loss=0.032604143023490906, time=41.08913040161133
2021-04-26 16:39:22,896 - engine - INFO - bi=168, Train F1=1.0,Train loss=0.00016605338896624744, time=68.84997892379761
2021-04-26 16:39:23,246 - __main__ - INFO - Train loss 0.040120543712760755 accuracy 0.986
2021-04-26 16:39:30,533 - __main__ - INFO - Val loss 1.2293811872087677 Val acc 0.801
2021-04-26 16:39:39,407 - test_eval - INFO - Mcc Score:: 0.5484072731952433
2021-04-26 16:39:39,409 - test_eval - INFO - Accuracy:: 0.7777777777777778
2021-04-26 16:39:39,413 - test_eval - INFO - Precision:: 0.7774876763556009
2021-04-26 16:39:39,416 - test_eval - INFO - Recall:: 0.7777777777777778
2021-04-26 16:39:39,419 - test_eval - INFO - F_score:: 0.7766308474963542
2021-04-26 16:39:39,425 - test_eval - INFO - classification_report::               precision    recall  f1-score   support

         0.0       0.77      0.71      0.74       402
         1.0       0.78      0.83      0.81       498

    accuracy                           0.78       900
   macro avg       0.78      0.77      0.77       900
weighted avg       0.78      0.78      0.78       900

2021-04-26 16:39:39,439 - __main__ - INFO - Epoch 6/6
2021-04-26 16:39:39,439 - __main__ - INFO - ----------
2021-04-26 16:40:20,478 - engine - INFO - bi=100, Train F1=1.0,Train loss=9.969515667762607e-05, time=41.03547382354736
2021-04-26 16:40:47,947 - engine - INFO - bi=168, Train F1=1.0,Train loss=0.009920423850417137, time=68.50459432601929
2021-04-26 16:40:48,311 - __main__ - INFO - Train loss 0.027159339211559642 accuracy 0.991
2021-04-26 16:40:55,537 - __main__ - INFO - Val loss 1.2569533052115605 Val acc 0.804
2021-04-26 16:41:04,381 - test_eval - INFO - Mcc Score:: 0.5500312756467199
2021-04-26 16:41:04,383 - test_eval - INFO - Accuracy:: 0.7777777777777778
2021-04-26 16:41:04,387 - test_eval - INFO - Precision:: 0.7775864715342983
2021-04-26 16:41:04,390 - test_eval - INFO - Recall:: 0.7777777777777778
2021-04-26 16:41:04,394 - test_eval - INFO - F_score:: 0.7776666666666666
2021-04-26 16:41:04,401 - test_eval - INFO - classification_report::               precision    recall  f1-score   support

         0.0       0.75      0.75      0.75       402
         1.0       0.80      0.80      0.80       498

    accuracy                           0.78       900
   macro avg       0.78      0.77      0.77       900
weighted avg       0.78      0.78      0.78       900

2021-04-26 16:41:04,823 - __main__ - INFO - ##################################### Task End ############################################
2021-04-26 16:41:10,451 - numexpr.utils - INFO - NumExpr defaulting to 2 threads.
2021-04-26 16:41:10,462 - __main__ - INFO - train len - 2700 valid len - 900
2021-04-26 16:41:21,209 - __main__ - INFO - STARTING TRAINING - bangla-bert-last_two-lr-3e-5
2021-04-26 16:41:21,209 - __main__ - INFO - Epoch 1/6
2021-04-26 16:41:21,209 - __main__ - INFO - ----------
2021-04-26 16:42:02,992 - engine - INFO - bi=100, Train F1=0.75,Train loss=0.4770430326461792, time=41.779712438583374
2021-04-26 16:42:30,868 - engine - INFO - bi=168, Train F1=0.782,Train loss=0.416318416595459, time=69.65594720840454
2021-04-26 16:42:31,221 - __main__ - INFO - Train loss 0.5273693766466965 accuracy 0.726
2021-04-26 16:42:38,388 - __main__ - INFO - Val loss 0.7378718966040118 Val acc 0.708
2021-04-26 16:42:47,202 - test_eval - INFO - Mcc Score:: 0.3445634002777004
2021-04-26 16:42:47,204 - test_eval - INFO - Accuracy:: 0.6655555555555556
2021-04-26 16:42:47,207 - test_eval - INFO - Precision:: 0.7138563387936807
2021-04-26 16:42:47,211 - test_eval - INFO - Recall:: 0.6655555555555556
2021-04-26 16:42:47,214 - test_eval - INFO - F_score:: 0.6265530205672445
2021-04-26 16:42:47,221 - test_eval - INFO - classification_report::               precision    recall  f1-score   support

         0.0       0.81      0.33      0.47       402
         1.0       0.63      0.94      0.76       498

    accuracy                           0.67       900
   macro avg       0.72      0.63      0.61       900
weighted avg       0.71      0.67      0.63       900

2021-04-26 16:42:47,239 - __main__ - INFO - Epoch 2/6
2021-04-26 16:42:47,239 - __main__ - INFO - ----------
2021-04-26 16:43:28,577 - engine - INFO - bi=100, Train F1=0.877,Train loss=0.33050745725631714, time=41.33372783660889
2021-04-26 16:43:56,388 - engine - INFO - bi=168, Train F1=0.917,Train loss=0.25220829248428345, time=69.14427471160889
2021-04-26 16:43:56,741 - __main__ - INFO - Train loss 0.31846436287259916 accuracy 0.865
2021-04-26 16:44:04,008 - __main__ - INFO - Val loss 0.46963876845507785 Val acc 0.804
2021-04-26 16:44:12,968 - test_eval - INFO - Mcc Score:: 0.594222981241607
2021-04-26 16:44:12,970 - test_eval - INFO - Accuracy:: 0.7933333333333333
2021-04-26 16:44:12,974 - test_eval - INFO - Precision:: 0.8024133225213109
2021-04-26 16:44:12,978 - test_eval - INFO - Recall:: 0.7933333333333333
2021-04-26 16:44:12,981 - test_eval - INFO - F_score:: 0.793856529736358
2021-04-26 16:44:12,988 - test_eval - INFO - classification_report::               precision    recall  f1-score   support

         0.0       0.73      0.85      0.79       402
         1.0       0.86      0.75      0.80       498

    accuracy                           0.79       900
   macro avg       0.80      0.80      0.79       900
weighted avg       0.80      0.79      0.79       900

2021-04-26 16:44:13,006 - __main__ - INFO - Epoch 3/6
2021-04-26 16:44:13,006 - __main__ - INFO - ----------
2021-04-26 16:44:54,300 - engine - INFO - bi=100, Train F1=0.938,Train loss=0.10579010844230652, time=41.29113411903381
2021-04-26 16:45:22,116 - engine - INFO - bi=168, Train F1=1.0,Train loss=0.010575237683951855, time=69.10713839530945
2021-04-26 16:45:22,479 - __main__ - INFO - Train loss 0.166813948751047 accuracy 0.941
2021-04-26 16:45:29,755 - __main__ - INFO - Val loss 0.8591429352246481 Val acc 0.784
2021-04-26 16:45:29,755 - __main__ - INFO - Epoch 4/6
2021-04-26 16:45:29,755 - __main__ - INFO - ----------
2021-04-26 16:46:10,814 - engine - INFO - bi=100, Train F1=1.0,Train loss=0.0012642457149922848, time=41.056626081466675
2021-04-26 16:46:38,569 - engine - INFO - bi=168, Train F1=0.833,Train loss=0.6979960203170776, time=68.81129622459412
2021-04-26 16:46:38,927 - __main__ - INFO - Train loss 0.0677290502812947 accuracy 0.978
2021-04-26 16:46:46,226 - __main__ - INFO - Val loss 1.2625843879991565 Val acc 0.798
2021-04-26 16:46:46,226 - __main__ - INFO - Epoch 5/6
2021-04-26 16:46:46,226 - __main__ - INFO - ----------
2021-04-26 16:47:27,090 - engine - INFO - bi=100, Train F1=1.0,Train loss=5.643136682920158e-05, time=40.862284660339355
2021-04-26 16:47:54,611 - engine - INFO - bi=168, Train F1=1.0,Train loss=0.007009962573647499, time=68.38287949562073
2021-04-26 16:47:54,965 - __main__ - INFO - Train loss 0.02854573197435769 accuracy 0.993
2021-04-26 16:48:02,288 - __main__ - INFO - Val loss 1.3344332498723064 Val acc 0.805
2021-04-26 16:48:11,227 - test_eval - INFO - Mcc Score:: 0.5558777535468684
2021-04-26 16:48:11,229 - test_eval - INFO - Accuracy:: 0.78
2021-04-26 16:48:11,232 - test_eval - INFO - Precision:: 0.780509706321553
2021-04-26 16:48:11,235 - test_eval - INFO - Recall:: 0.78
2021-04-26 16:48:11,239 - test_eval - INFO - F_score:: 0.7801930555832551
2021-04-26 16:48:11,245 - test_eval - INFO - classification_report::               precision    recall  f1-score   support

         0.0       0.75      0.76      0.76       402
         1.0       0.81      0.79      0.80       498

    accuracy                           0.78       900
   macro avg       0.78      0.78      0.78       900
weighted avg       0.78      0.78      0.78       900

2021-04-26 16:48:11,263 - __main__ - INFO - Epoch 6/6
2021-04-26 16:48:11,264 - __main__ - INFO - ----------
2021-04-26 16:48:52,226 - engine - INFO - bi=100, Train F1=1.0,Train loss=0.00030047964537516236, time=40.959670066833496
2021-04-26 16:49:19,747 - engine - INFO - bi=168, Train F1=1.0,Train loss=4.436203744262457e-05, time=68.48068714141846
2021-04-26 16:49:20,098 - __main__ - INFO - Train loss 0.010124959572259775 accuracy 0.996
2021-04-26 16:49:27,385 - __main__ - INFO - Val loss 1.4343232682038998 Val acc 0.805
2021-04-26 16:49:27,794 - __main__ - INFO - ##################################### Task End ############################################
2021-04-26 16:49:33,222 - numexpr.utils - INFO - NumExpr defaulting to 2 threads.
2021-04-26 16:49:33,235 - __main__ - INFO - train len - 2700 valid len - 900
2021-04-26 16:49:43,898 - __main__ - INFO - STARTING TRAINING - bangla-bert-last_two-lr-5e-5
2021-04-26 16:49:43,898 - __main__ - INFO - Epoch 1/6
2021-04-26 16:49:43,898 - __main__ - INFO - ----------
2021-04-26 16:50:25,529 - engine - INFO - bi=100, Train F1=0.875,Train loss=0.46625328063964844, time=41.62630796432495
2021-04-26 16:50:53,426 - engine - INFO - bi=168, Train F1=0.833,Train loss=0.44982194900512695, time=69.52399134635925
2021-04-26 16:50:53,794 - __main__ - INFO - Train loss 0.5420761673584492 accuracy 0.735
2021-04-26 16:51:00,972 - __main__ - INFO - Val loss 0.7624095858171068 Val acc 0.709
2021-04-26 16:51:09,803 - test_eval - INFO - Mcc Score:: 0.3878744840728177
2021-04-26 16:51:09,805 - test_eval - INFO - Accuracy:: 0.6866666666666666
2021-04-26 16:51:09,808 - test_eval - INFO - Precision:: 0.7304839450243349
2021-04-26 16:51:09,810 - test_eval - INFO - Recall:: 0.6866666666666666
2021-04-26 16:51:09,813 - test_eval - INFO - F_score:: 0.655992700072098
2021-04-26 16:51:09,819 - test_eval - INFO - classification_report::               precision    recall  f1-score   support

         0.0       0.83      0.38      0.52       402
         1.0       0.65      0.94      0.77       498

    accuracy                           0.69       900
   macro avg       0.74      0.66      0.64       900
weighted avg       0.73      0.69      0.66       900

2021-04-26 16:51:09,830 - __main__ - INFO - Epoch 2/6
2021-04-26 16:51:09,830 - __main__ - INFO - ----------
2021-04-26 16:51:51,200 - engine - INFO - bi=100, Train F1=0.938,Train loss=0.21551591157913208, time=41.367074966430664
2021-04-26 16:52:19,024 - engine - INFO - bi=168, Train F1=0.833,Train loss=0.25649866461753845, time=69.1912853717804
2021-04-26 16:52:19,388 - __main__ - INFO - Train loss 0.3151258075686954 accuracy 0.875
2021-04-26 16:52:26,620 - __main__ - INFO - Val loss 0.4972288331081127 Val acc 0.803
2021-04-26 16:52:35,513 - test_eval - INFO - Mcc Score:: 0.5699077679043115
2021-04-26 16:52:35,515 - test_eval - INFO - Accuracy:: 0.7811111111111111
2021-04-26 16:52:35,519 - test_eval - INFO - Precision:: 0.7903619816264529
2021-04-26 16:52:35,521 - test_eval - INFO - Recall:: 0.7811111111111111
2021-04-26 16:52:35,525 - test_eval - INFO - F_score:: 0.7816562777978977
2021-04-26 16:52:35,532 - test_eval - INFO - classification_report::               precision    recall  f1-score   support

         0.0       0.72      0.84      0.77       402
         1.0       0.85      0.74      0.79       498

    accuracy                           0.78       900
   macro avg       0.78      0.79      0.78       900
weighted avg       0.79      0.78      0.78       900

2021-04-26 16:52:35,543 - __main__ - INFO - Epoch 3/6
2021-04-26 16:52:35,543 - __main__ - INFO - ----------
2021-04-26 16:53:16,818 - engine - INFO - bi=100, Train F1=0.879,Train loss=0.2659461796283722, time=41.27184081077576
2021-04-26 16:53:44,585 - engine - INFO - bi=168, Train F1=1.0,Train loss=0.007802809588611126, time=69.03919172286987
2021-04-26 16:53:44,946 - __main__ - INFO - Train loss 0.15047691426289506 accuracy 0.95
2021-04-26 16:53:52,199 - __main__ - INFO - Val loss 0.986842297788324 Val acc 0.813
2021-04-26 16:54:01,025 - test_eval - INFO - Mcc Score:: 0.5625018150787566
2021-04-26 16:54:01,027 - test_eval - INFO - Accuracy:: 0.7844444444444445
2021-04-26 16:54:01,032 - test_eval - INFO - Precision:: 0.7839696382428941
2021-04-26 16:54:01,036 - test_eval - INFO - Recall:: 0.7844444444444445
2021-04-26 16:54:01,040 - test_eval - INFO - F_score:: 0.7838894660503586
2021-04-26 16:54:01,046 - test_eval - INFO - classification_report::               precision    recall  f1-score   support

         0.0       0.77      0.74      0.75       402
         1.0       0.79      0.82      0.81       498

    accuracy                           0.78       900
   macro avg       0.78      0.78      0.78       900
weighted avg       0.78      0.78      0.78       900

2021-04-26 16:54:01,057 - __main__ - INFO - Epoch 4/6
2021-04-26 16:54:01,057 - __main__ - INFO - ----------
2021-04-26 16:54:42,043 - engine - INFO - bi=100, Train F1=0.939,Train loss=0.06283031404018402, time=40.982643127441406
2021-04-26 16:55:09,698 - engine - INFO - bi=168, Train F1=0.916,Train loss=0.061670929193496704, time=68.63740634918213
2021-04-26 16:55:10,054 - __main__ - INFO - Train loss 0.06694267729054289 accuracy 0.982
2021-04-26 16:55:17,343 - __main__ - INFO - Val loss 1.367576354536517 Val acc 0.793
2021-04-26 16:55:17,344 - __main__ - INFO - Epoch 5/6
2021-04-26 16:55:17,344 - __main__ - INFO - ----------
2021-04-26 16:55:58,197 - engine - INFO - bi=100, Train F1=1.0,Train loss=0.02410847507417202, time=40.850568771362305
2021-04-26 16:56:25,717 - engine - INFO - bi=168, Train F1=1.0,Train loss=7.268409535754472e-05, time=68.37087273597717
2021-04-26 16:56:26,073 - __main__ - INFO - Train loss 0.031935236434473414 accuracy 0.991
2021-04-26 16:56:33,365 - __main__ - INFO - Val loss 1.4303430210927437 Val acc 0.81
2021-04-26 16:56:33,365 - __main__ - INFO - Epoch 6/6
2021-04-26 16:56:33,365 - __main__ - INFO - ----------
2021-04-26 16:57:14,135 - engine - INFO - bi=100, Train F1=1.0,Train loss=6.155082519399002e-05, time=40.76558542251587
2021-04-26 16:57:41,591 - engine - INFO - bi=168, Train F1=1.0,Train loss=3.2314113923348486e-05, time=68.22091436386108
2021-04-26 16:57:41,946 - __main__ - INFO - Train loss 0.00435001276665502 accuracy 0.999
2021-04-26 16:57:49,249 - __main__ - INFO - Val loss 1.4898676748933464 Val acc 0.815
2021-04-26 16:57:58,225 - test_eval - INFO - Mcc Score:: 0.5418996474618066
2021-04-26 16:57:58,227 - test_eval - INFO - Accuracy:: 0.7744444444444445
2021-04-26 16:57:58,231 - test_eval - INFO - Precision:: 0.7739186025115762
2021-04-26 16:57:58,234 - test_eval - INFO - Recall:: 0.7744444444444445
2021-04-26 16:57:58,238 - test_eval - INFO - F_score:: 0.773668727803823
2021-04-26 16:57:58,245 - test_eval - INFO - classification_report::               precision    recall  f1-score   support

         0.0       0.76      0.72      0.74       402
         1.0       0.78      0.82      0.80       498

    accuracy                           0.77       900
   macro avg       0.77      0.77      0.77       900
weighted avg       0.77      0.77      0.77       900

2021-04-26 16:57:58,662 - __main__ - INFO - ##################################### Task End ############################################
2021-04-26 16:58:04,242 - numexpr.utils - INFO - NumExpr defaulting to 2 threads.
2021-04-26 16:58:04,254 - __main__ - INFO - train len - 2700 valid len - 900
2021-04-26 16:58:14,901 - __main__ - INFO - STARTING TRAINING - bangla-bert-last_four-lr-2e-5
2021-04-26 16:58:14,901 - __main__ - INFO - Epoch 1/6
2021-04-26 16:58:14,901 - __main__ - INFO - ----------
2021-04-26 16:58:56,678 - engine - INFO - bi=100, Train F1=0.564,Train loss=0.8366677761077881, time=41.77292490005493
2021-04-26 16:59:24,544 - engine - INFO - bi=168, Train F1=0.745,Train loss=0.6234586238861084, time=69.63898825645447
2021-04-26 16:59:24,899 - __main__ - INFO - Train loss 0.5502780894555989 accuracy 0.75
2021-04-26 16:59:32,048 - __main__ - INFO - Val loss 0.4347928012239522 Val acc 0.8
2021-04-26 16:59:40,893 - test_eval - INFO - Mcc Score:: 0.5371221651939876
2021-04-26 16:59:40,896 - test_eval - INFO - Accuracy:: 0.7588888888888888
2021-04-26 16:59:40,900 - test_eval - INFO - Precision:: 0.7779675264951016
2021-04-26 16:59:40,904 - test_eval - INFO - Recall:: 0.7588888888888888
2021-04-26 16:59:40,907 - test_eval - INFO - F_score:: 0.7587385618897703
2021-04-26 16:59:40,913 - test_eval - INFO - classification_report::               precision    recall  f1-score   support

         0.0       0.68      0.86      0.76       402
         1.0       0.85      0.68      0.76       498

    accuracy                           0.76       900
   macro avg       0.77      0.77      0.76       900
weighted avg       0.78      0.76      0.76       900

2021-04-26 16:59:40,924 - __main__ - INFO - Epoch 2/6
2021-04-26 16:59:40,924 - __main__ - INFO - ----------
2021-04-26 17:00:22,390 - engine - INFO - bi=100, Train F1=0.871,Train loss=0.4758877754211426, time=41.46257996559143
2021-04-26 17:00:50,112 - engine - INFO - bi=168, Train F1=0.915,Train loss=0.16818933188915253, time=69.18429684638977
2021-04-26 17:00:50,481 - __main__ - INFO - Train loss 0.3480563417914704 accuracy 0.852
2021-04-26 17:00:57,691 - __main__ - INFO - Val loss 0.4527549882387293 Val acc 0.804
2021-04-26 17:01:06,590 - test_eval - INFO - Mcc Score:: 0.5766230620842242
2021-04-26 17:01:06,592 - test_eval - INFO - Accuracy:: 0.7866666666666666
2021-04-26 17:01:06,603 - test_eval - INFO - Precision:: 0.7923555555555555
2021-04-26 17:01:06,607 - test_eval - INFO - Recall:: 0.7866666666666666
2021-04-26 17:01:06,611 - test_eval - INFO - F_score:: 0.7872752124561716
2021-04-26 17:01:06,617 - test_eval - INFO - classification_report::               precision    recall  f1-score   support

         0.0       0.73      0.82      0.77       402
         1.0       0.84      0.76      0.80       498

    accuracy                           0.79       900
   macro avg       0.79      0.79      0.79       900
weighted avg       0.79      0.79      0.79       900

2021-04-26 17:01:06,627 - __main__ - INFO - Epoch 3/6
2021-04-26 17:01:06,627 - __main__ - INFO - ----------
2021-04-26 17:01:47,992 - engine - INFO - bi=100, Train F1=0.875,Train loss=0.3313557505607605, time=41.36183786392212
2021-04-26 17:02:15,744 - engine - INFO - bi=168, Train F1=0.92,Train loss=0.49326270818710327, time=69.11408424377441
2021-04-26 17:02:16,108 - __main__ - INFO - Train loss 0.20335400208676532 accuracy 0.917
2021-04-26 17:02:23,377 - __main__ - INFO - Val loss 0.5854272665777083 Val acc 0.805
2021-04-26 17:02:32,534 - test_eval - INFO - Mcc Score:: 0.5518344532719455
2021-04-26 17:02:32,536 - test_eval - INFO - Accuracy:: 0.7788888888888889
2021-04-26 17:02:32,539 - test_eval - INFO - Precision:: 0.7785228681411888
2021-04-26 17:02:32,542 - test_eval - INFO - Recall:: 0.7788888888888889
2021-04-26 17:02:32,546 - test_eval - INFO - F_score:: 0.7786273663130886
2021-04-26 17:02:32,552 - test_eval - INFO - classification_report::               precision    recall  f1-score   support

         0.0       0.76      0.74      0.75       402
         1.0       0.79      0.81      0.80       498

    accuracy                           0.78       900
   macro avg       0.78      0.78      0.78       900
weighted avg       0.78      0.78      0.78       900

2021-04-26 17:02:32,563 - __main__ - INFO - Epoch 4/6
2021-04-26 17:02:32,563 - __main__ - INFO - ----------
2021-04-26 17:03:13,878 - engine - INFO - bi=100, Train F1=1.0,Train loss=0.015788188204169273, time=41.30939507484436
2021-04-26 17:03:41,570 - engine - INFO - bi=168, Train F1=1.0,Train loss=0.05323221534490585, time=69.00062584877014
2021-04-26 17:03:41,934 - __main__ - INFO - Train loss 0.1097172484040872 accuracy 0.963
2021-04-26 17:03:49,181 - __main__ - INFO - Val loss 0.812521687869368 Val acc 0.798
2021-04-26 17:03:49,181 - __main__ - INFO - Epoch 5/6
2021-04-26 17:03:49,181 - __main__ - INFO - ----------
2021-04-26 17:04:30,299 - engine - INFO - bi=100, Train F1=1.0,Train loss=0.020242750644683838, time=41.1155800819397
2021-04-26 17:04:58,093 - engine - INFO - bi=168, Train F1=1.0,Train loss=0.00010263442527502775, time=68.90961718559265
2021-04-26 17:04:58,443 - __main__ - INFO - Train loss 0.046889077556287156 accuracy 0.983
2021-04-26 17:05:05,753 - __main__ - INFO - Val loss 1.0666832086341134 Val acc 0.792
2021-04-26 17:05:05,753 - __main__ - INFO - Epoch 6/6
2021-04-26 17:05:05,753 - __main__ - INFO - ----------
2021-04-26 17:05:46,628 - engine - INFO - bi=100, Train F1=1.0,Train loss=0.0008596536936238408, time=40.86952066421509
2021-04-26 17:06:14,225 - engine - INFO - bi=168, Train F1=0.923,Train loss=0.05957364663481712, time=68.46655988693237
2021-04-26 17:06:14,586 - __main__ - INFO - Train loss 0.024484973119587475 accuracy 0.991
2021-04-26 17:06:21,886 - __main__ - INFO - Val loss 1.14305939062916 Val acc 0.798
2021-04-26 17:06:22,310 - __main__ - INFO - ##################################### Task End ############################################
2021-04-26 17:06:27,768 - numexpr.utils - INFO - NumExpr defaulting to 2 threads.
2021-04-26 17:06:27,780 - __main__ - INFO - train len - 2700 valid len - 900
2021-04-26 17:06:38,699 - __main__ - INFO - STARTING TRAINING - bangla-bert-last_four-lr-3e-5
2021-04-26 17:06:38,699 - __main__ - INFO - Epoch 1/6
2021-04-26 17:06:38,699 - __main__ - INFO - ----------
2021-04-26 17:07:20,536 - engine - INFO - bi=100, Train F1=0.689,Train loss=0.7728878259658813, time=41.83369040489197
2021-04-26 17:07:48,328 - engine - INFO - bi=168, Train F1=0.745,Train loss=0.5389687418937683, time=69.62593746185303
2021-04-26 17:07:48,686 - __main__ - INFO - Train loss 0.554557572322837 accuracy 0.747
2021-04-26 17:07:55,829 - __main__ - INFO - Val loss 0.4441148505128663 Val acc 0.793
2021-04-26 17:08:04,895 - test_eval - INFO - Mcc Score:: 0.5363627616590917
2021-04-26 17:08:04,897 - test_eval - INFO - Accuracy:: 0.7588888888888888
2021-04-26 17:08:04,901 - test_eval - INFO - Precision:: 0.7773138434909629
2021-04-26 17:08:04,905 - test_eval - INFO - Recall:: 0.7588888888888888
2021-04-26 17:08:04,908 - test_eval - INFO - F_score:: 0.758800480499166
2021-04-26 17:08:04,914 - test_eval - INFO - classification_report::               precision    recall  f1-score   support

         0.0       0.68      0.85      0.76       402
         1.0       0.85      0.68      0.76       498

    accuracy                           0.76       900
   macro avg       0.77      0.77      0.76       900
weighted avg       0.78      0.76      0.76       900

2021-04-26 17:08:04,924 - __main__ - INFO - Epoch 2/6
2021-04-26 17:08:04,924 - __main__ - INFO - ----------
2021-04-26 17:08:46,411 - engine - INFO - bi=100, Train F1=0.871,Train loss=0.5284031629562378, time=41.48360228538513
2021-04-26 17:09:14,116 - engine - INFO - bi=168, Train F1=0.915,Train loss=0.1237909123301506, time=69.18866205215454
2021-04-26 17:09:14,476 - __main__ - INFO - Train loss 0.33373143903073477 accuracy 0.87
2021-04-26 17:09:21,710 - __main__ - INFO - Val loss 0.4688084908472053 Val acc 0.808
2021-04-26 17:09:30,547 - test_eval - INFO - Mcc Score:: 0.5732314890693211
2021-04-26 17:09:30,550 - test_eval - INFO - Accuracy:: 0.7855555555555556
2021-04-26 17:09:30,553 - test_eval - INFO - Precision:: 0.7903492612256658
2021-04-26 17:09:30,557 - test_eval - INFO - Recall:: 0.7855555555555556
2021-04-26 17:09:30,560 - test_eval - INFO - F_score:: 0.7861610118712093
2021-04-26 17:09:30,567 - test_eval - INFO - classification_report::               precision    recall  f1-score   support

         0.0       0.73      0.81      0.77       402
         1.0       0.84      0.76      0.80       498

    accuracy                           0.79       900
   macro avg       0.78      0.79      0.78       900
weighted avg       0.79      0.79      0.79       900

2021-04-26 17:09:30,577 - __main__ - INFO - Epoch 3/6
2021-04-26 17:09:30,577 - __main__ - INFO - ----------
2021-04-26 17:10:11,863 - engine - INFO - bi=100, Train F1=0.936,Train loss=0.3245643675327301, time=41.279534101486206
2021-04-26 17:10:39,590 - engine - INFO - bi=168, Train F1=0.92,Train loss=0.5199838876724243, time=69.00657176971436
2021-04-26 17:10:39,949 - __main__ - INFO - Train loss 0.16777659231003308 accuracy 0.94
2021-04-26 17:10:47,221 - __main__ - INFO - Val loss 0.7042127973560629 Val acc 0.798
2021-04-26 17:10:47,221 - __main__ - INFO - Epoch 4/6
2021-04-26 17:10:47,221 - __main__ - INFO - ----------
2021-04-26 17:11:28,264 - engine - INFO - bi=100, Train F1=0.938,Train loss=0.04572279751300812, time=41.04086756706238
2021-04-26 17:11:55,998 - engine - INFO - bi=168, Train F1=1.0,Train loss=0.01556633971631527, time=68.77489566802979
2021-04-26 17:11:56,357 - __main__ - INFO - Train loss 0.07243804048219253 accuracy 0.979
2021-04-26 17:12:03,677 - __main__ - INFO - Val loss 1.065289322672219 Val acc 0.805
2021-04-26 17:12:03,677 - __main__ - INFO - Epoch 5/6
2021-04-26 17:12:03,677 - __main__ - INFO - ----------
2021-04-26 17:12:44,591 - engine - INFO - bi=100, Train F1=1.0,Train loss=0.0007216959493234754, time=40.91221809387207
2021-04-26 17:13:12,069 - engine - INFO - bi=168, Train F1=1.0,Train loss=0.0006068103248253465, time=68.39048480987549
2021-04-26 17:13:12,419 - __main__ - INFO - Train loss 0.025646691584537105 accuracy 0.993
2021-04-26 17:13:19,711 - __main__ - INFO - Val loss 1.32174066839547 Val acc 0.803
2021-04-26 17:13:19,711 - __main__ - INFO - Epoch 6/6
2021-04-26 17:13:19,711 - __main__ - INFO - ----------
2021-04-26 17:14:00,396 - engine - INFO - bi=100, Train F1=1.0,Train loss=2.1352643670979887e-05, time=40.680471897125244
2021-04-26 17:14:27,878 - engine - INFO - bi=168, Train F1=1.0,Train loss=2.761450559773948e-05, time=68.1624276638031
2021-04-26 17:14:28,234 - __main__ - INFO - Train loss 0.009014887102201628 accuracy 0.997
2021-04-26 17:14:35,513 - __main__ - INFO - Val loss 1.383914875830042 Val acc 0.805
2021-04-26 17:14:35,929 - __main__ - INFO - ##################################### Task End ############################################
2021-04-26 17:14:41,768 - numexpr.utils - INFO - NumExpr defaulting to 2 threads.
2021-04-26 17:14:41,780 - __main__ - INFO - train len - 2700 valid len - 900
2021-04-26 17:14:52,414 - __main__ - INFO - STARTING TRAINING - bangla-bert-last_four-lr-5e-5
2021-04-26 17:14:52,415 - __main__ - INFO - Epoch 1/6
2021-04-26 17:14:52,415 - __main__ - INFO - ----------
2021-04-26 17:26:29,931 - numexpr.utils - INFO - NumExpr defaulting to 2 threads.
2021-04-26 17:26:29,948 - __main__ - INFO - train len - 2700 valid len - 900
2021-04-26 17:26:30,332 - filelock - INFO - Lock 139969903041552 acquired on /root/.cache/torch/transformers/e8680829b096cf770a9c8516953c8a94c71a7d4ead7bf6df68ef361557d22868.b51dd5e38ab8e49a1f512091045023db9ce612138d3f145b5bcbf21c7856a0de.lock
2021-04-26 17:26:31,384 - filelock - INFO - Lock 139969903041552 released on /root/.cache/torch/transformers/e8680829b096cf770a9c8516953c8a94c71a7d4ead7bf6df68ef361557d22868.b51dd5e38ab8e49a1f512091045023db9ce612138d3f145b5bcbf21c7856a0de.lock
2021-04-26 17:26:35,393 - filelock - INFO - Lock 139969877650448 acquired on /root/.cache/torch/transformers/a4230afee973624dc0794ca31eb997724cedc67b27b98635ee914b8e0a81e57d.c30fa6d9ae64e21a10c7c53ad282d682ef5713f3a0266bd5b908fa9d2ede0ed8.lock
2021-04-26 17:26:35,794 - filelock - INFO - Lock 139969877650448 released on /root/.cache/torch/transformers/a4230afee973624dc0794ca31eb997724cedc67b27b98635ee914b8e0a81e57d.c30fa6d9ae64e21a10c7c53ad282d682ef5713f3a0266bd5b908fa9d2ede0ed8.lock
2021-04-26 17:26:35,853 - filelock - INFO - Lock 139969903042128 acquired on /root/.cache/torch/transformers/567b2f6da92b41e9bd4dcba14cdb0a31ec7d73a4c02b8d8e7999c7d1c161c36b.fae0eda2d14ba0da37b305177950135dff4bfe6877a13967dda6717498ff99ec.lock
2021-04-26 17:26:50,532 - filelock - INFO - Lock 139969903042128 released on /root/.cache/torch/transformers/567b2f6da92b41e9bd4dcba14cdb0a31ec7d73a4c02b8d8e7999c7d1c161c36b.fae0eda2d14ba0da37b305177950135dff4bfe6877a13967dda6717498ff99ec.lock
2021-04-26 17:27:04,113 - __main__ - INFO - STARTING TRAINING - bangla-bert-last_four-lr-5e-5
2021-04-26 17:27:04,113 - __main__ - INFO - Epoch 1/6
2021-04-26 17:27:04,113 - __main__ - INFO - ----------
2021-04-26 17:28:14,927 - engine - INFO - bi=100, Train F1=0.61,Train loss=1.0098886489868164, time=70.81194806098938
2021-04-26 17:29:02,811 - engine - INFO - bi=168, Train F1=0.667,Train loss=0.7658678293228149, time=118.69581937789917
2021-04-26 17:29:03,295 - __main__ - INFO - Train loss 0.628468816714174 accuracy 0.722
2021-04-26 17:29:15,610 - __main__ - INFO - Val loss 0.5538268297396857 Val acc 0.76
2021-04-26 17:29:30,094 - test_eval - INFO - Mcc Score:: 0.5413232593158068
2021-04-26 17:29:30,098 - test_eval - INFO - Accuracy:: 0.7322222222222222
2021-04-26 17:29:30,104 - test_eval - INFO - Precision:: 0.8048811768858888
2021-04-26 17:29:30,109 - test_eval - INFO - Recall:: 0.7322222222222222
2021-04-26 17:29:30,115 - test_eval - INFO - F_score:: 0.7242896308180022
2021-04-26 17:29:30,126 - test_eval - INFO - classification_report::               precision    recall  f1-score   support

         0.0       0.63      0.96      0.76       402
         1.0       0.94      0.55      0.69       498

    accuracy                           0.73       900
   macro avg       0.79      0.75      0.73       900
weighted avg       0.80      0.73      0.72       900

2021-04-26 17:29:30,138 - __main__ - INFO - Epoch 2/6
2021-04-26 17:29:30,138 - __main__ - INFO - ----------
2021-04-26 17:30:41,239 - engine - INFO - bi=100, Train F1=0.806,Train loss=0.5499927997589111, time=71.0943033695221
2021-04-26 17:31:29,263 - engine - INFO - bi=168, Train F1=0.829,Train loss=0.23305782675743103, time=119.11857795715332
2021-04-26 17:31:29,749 - __main__ - INFO - Train loss 0.33058887365213513 accuracy 0.872
2021-04-26 17:31:42,068 - __main__ - INFO - Val loss 0.6009928302775169 Val acc 0.809
2021-04-26 17:31:56,554 - test_eval - INFO - Mcc Score:: 0.5595081889461933
2021-04-26 17:31:56,556 - test_eval - INFO - Accuracy:: 0.7733333333333333
2021-04-26 17:31:56,562 - test_eval - INFO - Precision:: 0.7868924825174826
2021-04-26 17:31:56,567 - test_eval - INFO - Recall:: 0.7733333333333333
2021-04-26 17:31:56,572 - test_eval - INFO - F_score:: 0.7736546621157713
2021-04-26 17:31:56,582 - test_eval - INFO - classification_report::               precision    recall  f1-score   support

         0.0       0.70      0.85      0.77       402
         1.0       0.85      0.71      0.78       498

    accuracy                           0.77       900
   macro avg       0.78      0.78      0.77       900
weighted avg       0.79      0.77      0.77       900

2021-04-26 17:31:56,593 - __main__ - INFO - Epoch 3/6
2021-04-26 17:31:56,594 - __main__ - INFO - ----------
2021-04-26 17:33:07,537 - engine - INFO - bi=100, Train F1=0.871,Train loss=0.14686837792396545, time=70.93948268890381
2021-04-26 17:33:55,415 - engine - INFO - bi=168, Train F1=0.833,Train loss=0.7674922943115234, time=118.81761527061462
2021-04-26 17:33:55,905 - __main__ - INFO - Train loss 0.20172323129889308 accuracy 0.937
2021-04-26 17:34:08,245 - __main__ - INFO - Val loss 0.9358501280176228 Val acc 0.797
2021-04-26 17:34:08,245 - __main__ - INFO - Epoch 4/6
2021-04-26 17:34:08,245 - __main__ - INFO - ----------
2021-04-26 17:35:18,964 - engine - INFO - bi=100, Train F1=1.0,Train loss=0.0009043952450156212, time=70.71213102340698
2021-04-26 17:36:06,644 - engine - INFO - bi=168, Train F1=1.0,Train loss=0.0002564306487329304, time=118.39166760444641
2021-04-26 17:36:07,112 - __main__ - INFO - Train loss 0.0634830829080111 accuracy 0.981
2021-04-26 17:36:19,439 - __main__ - INFO - Val loss 1.2547154354638066 Val acc 0.82
2021-04-26 17:36:34,114 - test_eval - INFO - Mcc Score:: 0.5700027571690682
2021-04-26 17:36:34,117 - test_eval - INFO - Accuracy:: 0.7855555555555556
2021-04-26 17:36:34,123 - test_eval - INFO - Precision:: 0.7879612390440416
2021-04-26 17:36:34,129 - test_eval - INFO - Recall:: 0.7855555555555556
2021-04-26 17:36:34,134 - test_eval - INFO - F_score:: 0.7860516939691196
2021-04-26 17:36:34,149 - test_eval - INFO - classification_report::               precision    recall  f1-score   support

         0.0       0.74      0.79      0.77       402
         1.0       0.82      0.78      0.80       498

    accuracy                           0.79       900
   macro avg       0.78      0.79      0.78       900
weighted avg       0.79      0.79      0.79       900

2021-04-26 17:36:34,162 - __main__ - INFO - Epoch 5/6
2021-04-26 17:36:34,162 - __main__ - INFO - ----------
2021-04-26 17:37:44,619 - engine - INFO - bi=100, Train F1=1.0,Train loss=0.0014897568617016077, time=70.45070052146912
2021-04-26 17:38:32,054 - engine - INFO - bi=168, Train F1=1.0,Train loss=4.915708996122703e-05, time=117.88574266433716
2021-04-26 17:38:32,525 - __main__ - INFO - Train loss 0.02134098350303549 accuracy 0.995
2021-04-26 17:38:44,845 - __main__ - INFO - Val loss 1.578728238056446 Val acc 0.79
2021-04-26 17:38:44,845 - __main__ - INFO - Epoch 6/6
2021-04-26 17:38:44,845 - __main__ - INFO - ----------
2021-04-26 17:39:55,112 - engine - INFO - bi=100, Train F1=1.0,Train loss=1.0624321475916076e-05, time=70.25912642478943
2021-04-26 17:40:42,484 - engine - INFO - bi=168, Train F1=1.0,Train loss=0.0002916393568739295, time=117.6314206123352
2021-04-26 17:40:42,955 - __main__ - INFO - Train loss 0.00726626201648443 accuracy 0.999
2021-04-26 17:40:55,272 - __main__ - INFO - Val loss 1.6020734906196594 Val acc 0.798
2021-04-26 17:40:56,858 - __main__ - INFO - ##################################### Task End ############################################
